<?xml version="1.0" encoding="UTF-8"?>
<testsuite xmlns:xsi="http://www.w3.org/2001/XMLSchema-instance" xsi:noNamespaceSchemaLocation="https://maven.apache.org/surefire/maven-surefire-plugin/xsd/surefire-test-report.xsd" version="3.0.2" name="com.revature.servicetests.GetPendingExpenseServiceTest" time="0.088" tests="4" errors="0" skipped="0" failures="0">
  <properties>
[...]
</properties>
  <testcase name="testGetPendingExpenses(String, List, boolean, int, String)[1]" classname="com.revature.servicetests.GetPendingExpenseServiceTest" time="0.061">
    <system-out><![CDATA[Starting GetPendingExpenseServiceTest suite
]]></system-out>
    <system-err><![CDATA[[main] ERROR io.qameta.allure.AllureLifecycle - Could not add attachment: no test is running
]]></system-err>
  </testcase>
  <testcase name="testGetPendingExpenses(String, List, boolean, int, String)[2]" classname="com.revature.servicetests.GetPendingExpenseServiceTest" time="0.003"/>
  <testcase name="testGetPendingExpenses(String, List, boolean, int, String)[3]" classname="com.revature.servicetests.GetPendingExpenseServiceTest" time="0.004"/>
  <testcase name="testGetPendingExpenses(String, List, boolean, int, String)[4]" classname="com.revature.servicetests.GetPendingExpenseServiceTest" time="0.006"/>
</testsuite>