<?xml version="1.0" encoding="UTF-8"?>
<testsuite xmlns:xsi="http://www.w3.org/2001/XMLSchema-instance" xsi:noNamespaceSchemaLocation="https://maven.apache.org/surefire/maven-surefire-plugin/xsd/surefire-test-report.xsd" version="3.0.2" name="com.revature.servicetests.AuthenticationServiceTests$RoleTests" time="0.02" tests="4" errors="0" skipped="0" failures="0">
  <properties>
[...]
</properties>
  <testcase name="testIsManager_NullUser" classname="com.revature.servicetests.AuthenticationServiceTests$RoleTests" time="0.001"/>
  <testcase name="testIsManager(String)[1]" classname="com.revature.servicetests.AuthenticationServiceTests$RoleTests" time="0.001"/>
  <testcase name="testIsManager(String)[2]" classname="com.revature.servicetests.AuthenticationServiceTests$RoleTests" time="0.001"/>
  <testcase name="testIsManager(String)[3]" classname="com.revature.servicetests.AuthenticationServiceTests$RoleTests" time="0.001"/>
</testsuite>